<?xml version="1.0" encoding="UTF-8"?>
<coverage generated="1626279756994" clover="3.2.0">
  <project timestamp="1626279756994" name="All files">
    <metrics statements="99" coveredstatements="59" conditionals="32" coveredconditionals="11" methods="35" coveredmethods="25" elements="166" coveredelements="95" complexity="0" loc="99" ncloc="99" packages="1" files="7" classes="7"/>
    <file name="App.js" path="/Users/terry_c_lombardi/Desktop/meet/src/App.js">
      <metrics statements="15" coveredstatements="14" conditionals="4" coveredconditionals="4" methods="8" coveredmethods="7"/>
      <line num="10" count="5" type="stmt"/>
      <line num="16" count="5" type="stmt"/>
      <line num="17" count="2" type="stmt"/>
      <line num="18" count="2" type="cond" truecount="2" falsecount="0"/>
      <line num="20" count="8" type="stmt"/>
      <line num="21" count="2" type="stmt"/>
      <line num="27" count="5" type="stmt"/>
      <line num="28" count="0" type="stmt"/>
      <line num="35" count="5" type="stmt"/>
      <line num="36" count="5" type="stmt"/>
      <line num="37" count="5" type="cond" truecount="2" falsecount="0"/>
      <line num="38" count="3" type="stmt"/>
      <line num="44" count="4" type="stmt"/>
      <line num="49" count="10" type="stmt"/>
      <line num="50" count="10" type="stmt"/>
    </file>
    <file name="CitySearch.js" path="/Users/terry_c_lombardi/Desktop/meet/src/CitySearch.js">
      <metrics statements="14" coveredstatements="14" conditionals="2" coveredconditionals="2" methods="8" coveredmethods="8"/>
      <line num="4" count="5" type="stmt"/>
      <line num="10" count="5" type="stmt"/>
      <line num="11" count="2" type="stmt"/>
      <line num="12" count="2" type="stmt"/>
      <line num="13" count="10" type="stmt"/>
      <line num="15" count="2" type="stmt"/>
      <line num="21" count="5" type="stmt"/>
      <line num="22" count="4" type="stmt"/>
      <line num="27" count="4" type="stmt"/>
      <line num="32" count="22" type="stmt"/>
      <line num="40" count="1" type="stmt"/>
      <line num="44" count="32" type="stmt"/>
      <line num="46" count="2" type="stmt"/>
      <line num="49" count="1" type="stmt"/>
    </file>
    <file name="Event.js" path="/Users/terry_c_lombardi/Desktop/meet/src/Event.js">
      <metrics statements="11" coveredstatements="11" conditionals="4" coveredconditionals="4" methods="4" coveredmethods="4"/>
      <line num="13" count="23" type="stmt"/>
      <line num="22" count="23" type="stmt"/>
      <line num="28" count="23" type="stmt"/>
      <line num="32" count="23" type="stmt"/>
      <line num="36" count="23" type="stmt"/>
      <line num="40" count="23" type="stmt"/>
      <line num="43" count="23" type="stmt"/>
      <line num="44" count="4" type="cond" truecount="2" falsecount="0"/>
      <line num="50" count="59" type="stmt"/>
      <line num="51" count="59" type="stmt"/>
      <line num="74" count="4" type="stmt"/>
    </file>
    <file name="EventList.js" path="/Users/terry_c_lombardi/Desktop/meet/src/EventList.js">
      <metrics statements="4" coveredstatements="4" conditionals="0" coveredconditionals="0" methods="2" coveredmethods="2"/>
      <line num="7" count="9" type="stmt"/>
      <line num="8" count="9" type="stmt"/>
      <line num="9" count="9" type="stmt"/>
      <line num="12" count="33" type="stmt"/>
    </file>
    <file name="NumberOfEvents.js" path="/Users/terry_c_lombardi/Desktop/meet/src/NumberOfEvents.js">
      <metrics statements="2" coveredstatements="1" conditionals="0" coveredconditionals="0" methods="2" coveredmethods="1"/>
      <line num="7" count="9" type="stmt"/>
      <line num="14" count="0" type="stmt"/>
    </file>
    <file name="api.js" path="/Users/terry_c_lombardi/Desktop/meet/src/api.js">
      <metrics statements="51" coveredstatements="13" conditionals="22" coveredconditionals="1" methods="11" coveredmethods="3"/>
      <line num="5" count="2" type="stmt"/>
      <line num="6" count="0" type="stmt"/>
      <line num="7" count="0" type="cond" truecount="0" falsecount="2"/>
      <line num="9" count="0" type="cond" truecount="0" falsecount="4"/>
      <line num="10" count="0" type="stmt"/>
      <line num="11" count="0" type="stmt"/>
      <line num="12" count="0" type="stmt"/>
      <line num="13" count="0" type="cond" truecount="0" falsecount="2"/>
      <line num="14" count="0" type="stmt"/>
      <line num="17" count="0" type="stmt"/>
      <line num="18" count="0" type="stmt"/>
      <line num="20" count="0" type="cond" truecount="0" falsecount="2"/>
      <line num="22" count="0" type="stmt"/>
      <line num="25" count="2" type="stmt"/>
      <line num="26" count="0" type="stmt"/>
      <line num="29" count="0" type="stmt"/>
      <line num="30" count="0" type="stmt"/>
      <line num="32" count="0" type="stmt"/>
      <line num="35" count="2" type="stmt"/>
      <line num="36" count="0" type="cond" truecount="0" falsecount="4"/>
      <line num="38" count="0" type="stmt"/>
      <line num="42" count="0" type="stmt"/>
      <line num="44" count="0" type="stmt"/>
      <line num="45" count="0" type="stmt"/>
      <line num="49" count="2" type="stmt"/>
      <line num="50" count="0" type="stmt"/>
      <line num="51" count="0" type="stmt"/>
      <line num="55" count="0" type="stmt"/>
      <line num="57" count="0" type="stmt"/>
      <line num="59" count="0" type="cond" truecount="0" falsecount="2"/>
      <line num="61" count="0" type="stmt"/>
      <line num="64" count="2" type="stmt"/>
      <line num="65" count="48" type="stmt"/>
      <line num="66" count="6" type="stmt"/>
      <line num="67" count="6" type="stmt"/>
      <line num="71" count="2" type="stmt"/>
      <line num="72" count="9" type="stmt"/>
      <line num="74" count="9" type="cond" truecount="1" falsecount="1"/>
      <line num="75" count="9" type="stmt"/>
      <line num="76" count="9" type="stmt"/>
      <line num="79" count="0" type="stmt"/>
      <line num="81" count="0" type="cond" truecount="0" falsecount="2"/>
      <line num="82" count="0" type="stmt"/>
      <line num="83" count="0" type="stmt"/>
      <line num="84" count="0" type="stmt"/>
      <line num="85" count="0" type="cond" truecount="0" falsecount="2"/>
      <line num="86" count="0" type="stmt"/>
      <line num="87" count="0" type="stmt"/>
      <line num="88" count="0" type="stmt"/>
      <line num="90" count="0" type="stmt"/>
      <line num="91" count="0" type="stmt"/>
    </file>
    <file name="mock-data.js" path="/Users/terry_c_lombardi/Desktop/meet/src/mock-data.js">
      <metrics statements="2" coveredstatements="2" conditionals="0" coveredconditionals="0" methods="0" coveredmethods="0"/>
      <line num="1" count="5" type="stmt"/>
      <line num="410" count="5" type="stmt"/>
    </file>
  </project>
</coverage>
