{"/Users/terry_c_lombardi/Desktop/meet/src/App.js": {"path":"/Users/terry_c_lombardi/Desktop/meet/src/App.js","statementMap":{"0":{"start":{"line":10,"column":10},"end":{"line":14,"column":3}},"1":{"start":{"line":16,"column":17},"end":{"line":25,"column":3}},"2":{"start":{"line":17,"column":4},"end":{"line":24,"column":7}},"3":{"start":{"line":18,"column":29},"end":{"line":20,"column":61}},"4":{"start":{"line":20,"column":33},"end":{"line":20,"column":60}},"5":{"start":{"line":21,"column":6},"end":{"line":23,"column":9}},"6":{"start":{"line":27,"column":17},"end":{"line":31,"column":3}},"7":{"start":{"line":28,"column":4},"end":{"line":30,"column":7}},"8":{"start":{"line":35,"column":4},"end":{"line":35,"column":24}},"9":{"start":{"line":36,"column":4},"end":{"line":40,"column":7}},"10":{"start":{"line":37,"column":6},"end":{"line":39,"column":7}},"11":{"start":{"line":38,"column":8},"end":{"line":38,"column":71}},"12":{"start":{"line":44,"column":4},"end":{"line":44,"column":25}},"13":{"start":{"line":49,"column":4},"end":{"line":49,"column":42}},"14":{"start":{"line":50,"column":4},"end":{"line":56,"column":6}}},"fnMap":{"0":{"name":"(anonymous_0)","decl":{"start":{"line":16,"column":17},"end":{"line":16,"column":18}},"loc":{"start":{"line":16,"column":31},"end":{"line":25,"column":3}},"line":16},"1":{"name":"(anonymous_1)","decl":{"start":{"line":17,"column":21},"end":{"line":17,"column":22}},"loc":{"start":{"line":17,"column":33},"end":{"line":24,"column":5}},"line":17},"2":{"name":"(anonymous_2)","decl":{"start":{"line":20,"column":22},"end":{"line":20,"column":23}},"loc":{"start":{"line":20,"column":33},"end":{"line":20,"column":60}},"line":20},"3":{"name":"(anonymous_3)","decl":{"start":{"line":27,"column":17},"end":{"line":27,"column":18}},"loc":{"start":{"line":27,"column":37},"end":{"line":31,"column":3}},"line":27},"4":{"name":"(anonymous_4)","decl":{"start":{"line":34,"column":2},"end":{"line":34,"column":3}},"loc":{"start":{"line":34,"column":22},"end":{"line":41,"column":3}},"line":34},"5":{"name":"(anonymous_5)","decl":{"start":{"line":36,"column":21},"end":{"line":36,"column":22}},"loc":{"start":{"line":36,"column":33},"end":{"line":40,"column":5}},"line":36},"6":{"name":"(anonymous_6)","decl":{"start":{"line":43,"column":2},"end":{"line":43,"column":3}},"loc":{"start":{"line":43,"column":24},"end":{"line":45,"column":3}},"line":43},"7":{"name":"(anonymous_7)","decl":{"start":{"line":48,"column":2},"end":{"line":48,"column":3}},"loc":{"start":{"line":48,"column":11},"end":{"line":57,"column":3}},"line":48}},"branchMap":{"0":{"loc":{"start":{"line":18,"column":29},"end":{"line":20,"column":61}},"type":"cond-expr","locations":[{"start":{"line":19,"column":8},"end":{"line":19,"column":14}},{"start":{"line":20,"column":8},"end":{"line":20,"column":61}}],"line":18},"1":{"loc":{"start":{"line":37,"column":6},"end":{"line":39,"column":7}},"type":"if","locations":[{"start":{"line":37,"column":6},"end":{"line":39,"column":7}},{"start":{"line":37,"column":6},"end":{"line":39,"column":7}}],"line":37}},"s":{"0":5,"1":5,"2":2,"3":2,"4":8,"5":2,"6":5,"7":0,"8":5,"9":5,"10":5,"11":3,"12":4,"13":10,"14":10},"f":{"0":2,"1":2,"2":8,"3":0,"4":5,"5":5,"6":4,"7":10},"b":{"0":[1,1],"1":[3,2]},"_coverageSchema":"1a1c01bbd47fc00a2c39e90264f33305004495a9","hash":"b92c3ec14f69ce2320b7b04b357fd360ec6fa7b2"}
,"/Users/terry_c_lombardi/Desktop/meet/src/CitySearch.js": {"path":"/Users/terry_c_lombardi/Desktop/meet/src/CitySearch.js","statementMap":{"0":{"start":{"line":4,"column":10},"end":{"line":8,"column":3}},"1":{"start":{"line":10,"column":23},"end":{"line":19,"column":3}},"2":{"start":{"line":11,"column":18},"end":{"line":11,"column":36}},"3":{"start":{"line":12,"column":24},"end":{"line":14,"column":6}},"4":{"start":{"line":13,"column":6},"end":{"line":13,"column":70}},"5":{"start":{"line":15,"column":4},"end":{"line":18,"column":7}},"6":{"start":{"line":21,"column":22},"end":{"line":28,"column":3}},"7":{"start":{"line":22,"column":4},"end":{"line":25,"column":7}},"8":{"start":{"line":27,"column":4},"end":{"line":27,"column":40}},"9":{"start":{"line":32,"column":4},"end":{"line":54,"column":5}},"10":{"start":{"line":40,"column":27},"end":{"line":40,"column":67}},"11":{"start":{"line":44,"column":12},"end":{"line":47,"column":30}},"12":{"start":{"line":46,"column":29},"end":{"line":46,"column":63}},"13":{"start":{"line":49,"column":29},"end":{"line":49,"column":58}}},"fnMap":{"0":{"name":"(anonymous_0)","decl":{"start":{"line":10,"column":23},"end":{"line":10,"column":24}},"loc":{"start":{"line":10,"column":34},"end":{"line":19,"column":3}},"line":10},"1":{"name":"(anonymous_1)","decl":{"start":{"line":12,"column":52},"end":{"line":12,"column":53}},"loc":{"start":{"line":12,"column":66},"end":{"line":14,"column":5}},"line":12},"2":{"name":"(anonymous_2)","decl":{"start":{"line":21,"column":22},"end":{"line":21,"column":23}},"loc":{"start":{"line":21,"column":38},"end":{"line":28,"column":3}},"line":21},"3":{"name":"(anonymous_3)","decl":{"start":{"line":31,"column":2},"end":{"line":31,"column":3}},"loc":{"start":{"line":31,"column":11},"end":{"line":55,"column":3}},"line":31},"4":{"name":"(anonymous_4)","decl":{"start":{"line":40,"column":19},"end":{"line":40,"column":20}},"loc":{"start":{"line":40,"column":25},"end":{"line":40,"column":69}},"line":40},"5":{"name":"(anonymous_5)","decl":{"start":{"line":43,"column":38},"end":{"line":43,"column":39}},"loc":{"start":{"line":44,"column":12},"end":{"line":47,"column":30}},"line":44},"6":{"name":"(anonymous_6)","decl":{"start":{"line":46,"column":23},"end":{"line":46,"column":24}},"loc":{"start":{"line":46,"column":29},"end":{"line":46,"column":63}},"line":46},"7":{"name":"(anonymous_7)","decl":{"start":{"line":49,"column":23},"end":{"line":49,"column":24}},"loc":{"start":{"line":49,"column":29},"end":{"line":49,"column":58}},"line":49}},"branchMap":{"0":{"loc":{"start":{"line":42,"column":43},"end":{"line":42,"column":95}},"type":"cond-expr","locations":[{"start":{"line":42,"column":72},"end":{"line":42,"column":74}},{"start":{"line":42,"column":76},"end":{"line":42,"column":95}}],"line":42}},"s":{"0":5,"1":5,"2":2,"3":2,"4":10,"5":2,"6":5,"7":4,"8":4,"9":22,"10":1,"11":32,"12":2,"13":1},"f":{"0":2,"1":10,"2":4,"3":22,"4":1,"5":32,"6":2,"7":1},"b":{"0":[1,21]},"_coverageSchema":"1a1c01bbd47fc00a2c39e90264f33305004495a9","hash":"7e1ef3230ee471822cf98391557e973b0d9f3e74"}
,"/Users/terry_c_lombardi/Desktop/meet/src/Event.js": {"path":"/Users/terry_c_lombardi/Desktop/meet/src/Event.js","statementMap":{"0":{"start":{"line":13,"column":9},"end":{"line":18,"column":3}},"1":{"start":{"line":22,"column":22},"end":{"line":27,"column":3}},"2":{"start":{"line":28,"column":22},"end":{"line":31,"column":3}},"3":{"start":{"line":32,"column":15},"end":{"line":35,"column":3}},"4":{"start":{"line":36,"column":15},"end":{"line":39,"column":3}},"5":{"start":{"line":40,"column":2},"end":{"line":40,"column":32}},"6":{"start":{"line":43,"column":15},"end":{"line":47,"column":2}},"7":{"start":{"line":44,"column":2},"end":{"line":46,"column":52}},"8":{"start":{"line":50,"column":38},"end":{"line":50,"column":48}},"9":{"start":{"line":51,"column":2},"end":{"line":79,"column":4}},"10":{"start":{"line":74,"column":6},"end":{"line":74,"column":25}}},"fnMap":{"0":{"name":"(anonymous_0)","decl":{"start":{"line":21,"column":1},"end":{"line":21,"column":2}},"loc":{"start":{"line":21,"column":21},"end":{"line":41,"column":2}},"line":21},"1":{"name":"(anonymous_1)","decl":{"start":{"line":43,"column":15},"end":{"line":43,"column":16}},"loc":{"start":{"line":43,"column":21},"end":{"line":47,"column":2}},"line":43},"2":{"name":"(anonymous_2)","decl":{"start":{"line":49,"column":1},"end":{"line":49,"column":2}},"loc":{"start":{"line":49,"column":10},"end":{"line":80,"column":2}},"line":49},"3":{"name":"(anonymous_3)","decl":{"start":{"line":73,"column":14},"end":{"line":73,"column":15}},"loc":{"start":{"line":73,"column":20},"end":{"line":75,"column":6}},"line":73}},"branchMap":{"0":{"loc":{"start":{"line":44,"column":2},"end":{"line":46,"column":51}},"type":"cond-expr","locations":[{"start":{"line":45,"column":5},"end":{"line":45,"column":51}},{"start":{"line":46,"column":5},"end":{"line":46,"column":51}}],"line":44},"1":{"loc":{"start":{"line":64,"column":5},"end":{"line":69,"column":12}},"type":"cond-expr","locations":[{"start":{"line":65,"column":5},"end":{"line":68,"column":11}},{"start":{"line":69,"column":8},"end":{"line":69,"column":12}}],"line":64}},"s":{"0":23,"1":23,"2":23,"3":23,"4":23,"5":23,"6":23,"7":4,"8":59,"9":59,"10":4},"f":{"0":23,"1":4,"2":59,"3":4},"b":{"0":[3,1],"1":[3,56]},"_coverageSchema":"1a1c01bbd47fc00a2c39e90264f33305004495a9","hash":"9b2f2a65e99587311ea20b688bff5233a914032f"}
,"/Users/terry_c_lombardi/Desktop/meet/src/EventList.js": {"path":"/Users/terry_c_lombardi/Desktop/meet/src/EventList.js","statementMap":{"0":{"start":{"line":7,"column":23},"end":{"line":7,"column":33}},"1":{"start":{"line":8,"column":4},"end":{"line":8,"column":23}},"2":{"start":{"line":9,"column":4},"end":{"line":17,"column":6}},"3":{"start":{"line":12,"column":8},"end":{"line":14,"column":13}}},"fnMap":{"0":{"name":"(anonymous_0)","decl":{"start":{"line":6,"column":2},"end":{"line":6,"column":3}},"loc":{"start":{"line":6,"column":11},"end":{"line":18,"column":3}},"line":6},"1":{"name":"(anonymous_1)","decl":{"start":{"line":11,"column":18},"end":{"line":11,"column":19}},"loc":{"start":{"line":12,"column":8},"end":{"line":14,"column":13}},"line":12}},"branchMap":{},"s":{"0":9,"1":9,"2":9,"3":33},"f":{"0":9,"1":33},"b":{},"_coverageSchema":"1a1c01bbd47fc00a2c39e90264f33305004495a9","hash":"93bb9ef11994900462184ddbdf805f4103342974"}
,"/Users/terry_c_lombardi/Desktop/meet/src/NumberOfEvents.js": {"path":"/Users/terry_c_lombardi/Desktop/meet/src/NumberOfEvents.js","statementMap":{"0":{"start":{"line":7,"column":2},"end":{"line":16,"column":4}},"1":{"start":{"line":14,"column":22},"end":{"line":14,"column":61}}},"fnMap":{"0":{"name":"(anonymous_0)","decl":{"start":{"line":6,"column":1},"end":{"line":6,"column":2}},"loc":{"start":{"line":6,"column":10},"end":{"line":17,"column":2}},"line":6},"1":{"name":"(anonymous_1)","decl":{"start":{"line":14,"column":15},"end":{"line":14,"column":16}},"loc":{"start":{"line":14,"column":22},"end":{"line":14,"column":61}},"line":14}},"branchMap":{},"s":{"0":9,"1":0},"f":{"0":9,"1":0},"b":{},"_coverageSchema":"1a1c01bbd47fc00a2c39e90264f33305004495a9","hash":"3ac3d1c06f58c72a2e236bf2377f9e8f88c89eab"}
,"/Users/terry_c_lombardi/Desktop/meet/src/api.js": {"path":"/Users/terry_c_lombardi/Desktop/meet/src/api.js","statementMap":{"0":{"start":{"line":5,"column":30},"end":{"line":23,"column":1}},"1":{"start":{"line":6,"column":22},"end":{"line":6,"column":58}},"2":{"start":{"line":7,"column":21},"end":{"line":7,"column":67}},"3":{"start":{"line":9,"column":2},"end":{"line":21,"column":3}},"4":{"start":{"line":10,"column":4},"end":{"line":10,"column":50}},"5":{"start":{"line":11,"column":25},"end":{"line":11,"column":68}},"6":{"start":{"line":12,"column":17},"end":{"line":12,"column":47}},"7":{"start":{"line":13,"column":4},"end":{"line":19,"column":5}},"8":{"start":{"line":14,"column":22},"end":{"line":16,"column":7}},"9":{"start":{"line":17,"column":26},"end":{"line":17,"column":38}},"10":{"start":{"line":18,"column":6},"end":{"line":18,"column":46}},"11":{"start":{"line":20,"column":4},"end":{"line":20,"column":34}},"12":{"start":{"line":22,"column":2},"end":{"line":22,"column":21}},"13":{"start":{"line":25,"column":19},"end":{"line":33,"column":3}},"14":{"start":{"line":26,"column":19},"end":{"line":30,"column":37}},"15":{"start":{"line":29,"column":21},"end":{"line":29,"column":31}},"16":{"start":{"line":30,"column":24},"end":{"line":30,"column":36}},"17":{"start":{"line":32,"column":4},"end":{"line":32,"column":18}},"18":{"start":{"line":35,"column":20},"end":{"line":47,"column":3}},"19":{"start":{"line":36,"column":4},"end":{"line":46,"column":5}},"20":{"start":{"line":38,"column":8},"end":{"line":41,"column":32}},"21":{"start":{"line":42,"column":6},"end":{"line":42,"column":47}},"22":{"start":{"line":44,"column":6},"end":{"line":44,"column":70}},"23":{"start":{"line":45,"column":6},"end":{"line":45,"column":47}},"24":{"start":{"line":49,"column":19},"end":{"line":62,"column":3}},"25":{"start":{"line":50,"column":21},"end":{"line":50,"column":45}},"26":{"start":{"line":51,"column":27},"end":{"line":57,"column":28}},"27":{"start":{"line":55,"column":6},"end":{"line":55,"column":24}},"28":{"start":{"line":57,"column":22},"end":{"line":57,"column":27}},"29":{"start":{"line":59,"column":4},"end":{"line":59,"column":71}},"30":{"start":{"line":61,"column":4},"end":{"line":61,"column":24}},"31":{"start":{"line":64,"column":32},"end":{"line":68,"column":1}},"32":{"start":{"line":65,"column":25},"end":{"line":65,"column":62}},"33":{"start":{"line":65,"column":47},"end":{"line":65,"column":61}},"34":{"start":{"line":66,"column":18},"end":{"line":66,"column":48}},"35":{"start":{"line":67,"column":2},"end":{"line":67,"column":19}},"36":{"start":{"line":71,"column":25},"end":{"line":93,"column":1}},"37":{"start":{"line":72,"column":2},"end":{"line":72,"column":20}},"38":{"start":{"line":74,"column":2},"end":{"line":77,"column":3}},"39":{"start":{"line":75,"column":4},"end":{"line":75,"column":21}},"40":{"start":{"line":76,"column":4},"end":{"line":76,"column":20}},"41":{"start":{"line":79,"column":16},"end":{"line":79,"column":38}},"42":{"start":{"line":81,"column":2},"end":{"line":92,"column":3}},"43":{"start":{"line":82,"column":4},"end":{"line":82,"column":18}},"44":{"start":{"line":83,"column":16},"end":{"line":83,"column":103}},"45":{"start":{"line":84,"column":19},"end":{"line":84,"column":39}},"46":{"start":{"line":85,"column":4},"end":{"line":89,"column":5}},"47":{"start":{"line":86,"column":22},"end":{"line":86,"column":58}},"48":{"start":{"line":87,"column":6},"end":{"line":87,"column":70}},"49":{"start":{"line":88,"column":6},"end":{"line":88,"column":67}},"50":{"start":{"line":90,"column":4},"end":{"line":90,"column":21}},"51":{"start":{"line":91,"column":4},"end":{"line":91,"column":30}}},"fnMap":{"0":{"name":"(anonymous_0)","decl":{"start":{"line":5,"column":30},"end":{"line":5,"column":31}},"loc":{"start":{"line":5,"column":42},"end":{"line":23,"column":1}},"line":5},"1":{"name":"(anonymous_1)","decl":{"start":{"line":25,"column":19},"end":{"line":25,"column":20}},"loc":{"start":{"line":25,"column":42},"end":{"line":33,"column":3}},"line":25},"2":{"name":"(anonymous_2)","decl":{"start":{"line":29,"column":12},"end":{"line":29,"column":13}},"loc":{"start":{"line":29,"column":21},"end":{"line":29,"column":31}},"line":29},"3":{"name":"(anonymous_3)","decl":{"start":{"line":30,"column":13},"end":{"line":30,"column":14}},"loc":{"start":{"line":30,"column":24},"end":{"line":30,"column":36}},"line":30},"4":{"name":"(anonymous_4)","decl":{"start":{"line":35,"column":20},"end":{"line":35,"column":21}},"loc":{"start":{"line":35,"column":26},"end":{"line":47,"column":3}},"line":35},"5":{"name":"(anonymous_5)","decl":{"start":{"line":49,"column":19},"end":{"line":49,"column":20}},"loc":{"start":{"line":49,"column":35},"end":{"line":62,"column":3}},"line":49},"6":{"name":"(anonymous_6)","decl":{"start":{"line":54,"column":10},"end":{"line":54,"column":11}},"loc":{"start":{"line":54,"column":19},"end":{"line":56,"column":5}},"line":54},"7":{"name":"(anonymous_7)","decl":{"start":{"line":57,"column":11},"end":{"line":57,"column":12}},"loc":{"start":{"line":57,"column":22},"end":{"line":57,"column":27}},"line":57},"8":{"name":"(anonymous_8)","decl":{"start":{"line":64,"column":32},"end":{"line":64,"column":33}},"loc":{"start":{"line":64,"column":44},"end":{"line":68,"column":1}},"line":64},"9":{"name":"(anonymous_9)","decl":{"start":{"line":65,"column":36},"end":{"line":65,"column":37}},"loc":{"start":{"line":65,"column":47},"end":{"line":65,"column":61}},"line":65},"10":{"name":"(anonymous_10)","decl":{"start":{"line":71,"column":25},"end":{"line":71,"column":26}},"loc":{"start":{"line":71,"column":37},"end":{"line":93,"column":1}},"line":71}},"branchMap":{"0":{"loc":{"start":{"line":7,"column":21},"end":{"line":7,"column":67}},"type":"binary-expr","locations":[{"start":{"line":7,"column":21},"end":{"line":7,"column":32}},{"start":{"line":7,"column":37},"end":{"line":7,"column":66}}],"line":7},"1":{"loc":{"start":{"line":9,"column":2},"end":{"line":21,"column":3}},"type":"if","locations":[{"start":{"line":9,"column":2},"end":{"line":21,"column":3}},{"start":{"line":9,"column":2},"end":{"line":21,"column":3}}],"line":9},"2":{"loc":{"start":{"line":9,"column":6},"end":{"line":9,"column":38}},"type":"binary-expr","locations":[{"start":{"line":9,"column":6},"end":{"line":9,"column":18}},{"start":{"line":9,"column":22},"end":{"line":9,"column":38}}],"line":9},"3":{"loc":{"start":{"line":13,"column":4},"end":{"line":19,"column":5}},"type":"if","locations":[{"start":{"line":13,"column":4},"end":{"line":19,"column":5}},{"start":{"line":13,"column":4},"end":{"line":19,"column":5}}],"line":13},"4":{"loc":{"start":{"line":20,"column":11},"end":{"line":20,"column":33}},"type":"binary-expr","locations":[{"start":{"line":20,"column":11},"end":{"line":20,"column":15}},{"start":{"line":20,"column":19},"end":{"line":20,"column":33}}],"line":20},"5":{"loc":{"start":{"line":36,"column":4},"end":{"line":46,"column":5}},"type":"if","locations":[{"start":{"line":36,"column":4},"end":{"line":46,"column":5}},{"start":{"line":36,"column":4},"end":{"line":46,"column":5}}],"line":36},"6":{"loc":{"start":{"line":36,"column":8},"end":{"line":36,"column":60}},"type":"binary-expr","locations":[{"start":{"line":36,"column":8},"end":{"line":36,"column":32}},{"start":{"line":36,"column":36},"end":{"line":36,"column":60}}],"line":36},"7":{"loc":{"start":{"line":59,"column":4},"end":{"line":59,"column":70}},"type":"binary-expr","locations":[{"start":{"line":59,"column":4},"end":{"line":59,"column":16}},{"start":{"line":59,"column":20},"end":{"line":59,"column":70}}],"line":59},"8":{"loc":{"start":{"line":74,"column":2},"end":{"line":77,"column":3}},"type":"if","locations":[{"start":{"line":74,"column":2},"end":{"line":77,"column":3}},{"start":{"line":74,"column":2},"end":{"line":77,"column":3}}],"line":74},"9":{"loc":{"start":{"line":81,"column":2},"end":{"line":92,"column":3}},"type":"if","locations":[{"start":{"line":81,"column":2},"end":{"line":92,"column":3}},{"start":{"line":81,"column":2},"end":{"line":92,"column":3}}],"line":81},"10":{"loc":{"start":{"line":85,"column":4},"end":{"line":89,"column":5}},"type":"if","locations":[{"start":{"line":85,"column":4},"end":{"line":89,"column":5}},{"start":{"line":85,"column":4},"end":{"line":89,"column":5}}],"line":85}},"s":{"0":2,"1":0,"2":0,"3":0,"4":0,"5":0,"6":0,"7":0,"8":0,"9":0,"10":0,"11":0,"12":0,"13":2,"14":0,"15":0,"16":0,"17":0,"18":2,"19":0,"20":0,"21":0,"22":0,"23":0,"24":2,"25":0,"26":0,"27":0,"28":0,"29":0,"30":0,"31":2,"32":6,"33":48,"34":6,"35":6,"36":2,"37":9,"38":9,"39":9,"40":9,"41":0,"42":0,"43":0,"44":0,"45":0,"46":0,"47":0,"48":0,"49":0,"50":0,"51":0},"f":{"0":0,"1":0,"2":0,"3":0,"4":0,"5":0,"6":0,"7":0,"8":6,"9":48,"10":9},"b":{"0":[0,0],"1":[0,0],"2":[0,0],"3":[0,0],"4":[0,0],"5":[0,0],"6":[0,0],"7":[0,0],"8":[9,0],"9":[0,0],"10":[0,0]},"_coverageSchema":"1a1c01bbd47fc00a2c39e90264f33305004495a9","hash":"7aecc33db7b7641d6945f3ff10481a4a21db53ea"}
,"/Users/terry_c_lombardi/Desktop/meet/src/mock-data.js": {"path":"/Users/terry_c_lombardi/Desktop/meet/src/mock-data.js","statementMap":{"0":{"start":{"line":1,"column":15},"end":{"line":408,"column":2}},"1":{"start":{"line":410,"column":0},"end":{"line":410,"column":48}}},"fnMap":{},"branchMap":{},"s":{"0":5,"1":5},"f":{},"b":{},"_coverageSchema":"1a1c01bbd47fc00a2c39e90264f33305004495a9","hash":"274bda456124332efcaca82ef8a1ecf3146140bb"}
}
