TN:
SF:src/App.js
FN:16,(anonymous_0)
FN:17,(anonymous_1)
FN:20,(anonymous_2)
FN:27,(anonymous_3)
FN:34,(anonymous_4)
FN:36,(anonymous_5)
FN:43,(anonymous_6)
FN:48,(anonymous_7)
FNF:8
FNH:7
FNDA:2,(anonymous_0)
FNDA:2,(anonymous_1)
FNDA:8,(anonymous_2)
FNDA:0,(anonymous_3)
FNDA:5,(anonymous_4)
FNDA:5,(anonymous_5)
FNDA:4,(anonymous_6)
FNDA:10,(anonymous_7)
DA:10,5
DA:16,5
DA:17,2
DA:18,2
DA:20,8
DA:21,2
DA:27,5
DA:28,0
DA:35,5
DA:36,5
DA:37,5
DA:38,3
DA:44,4
DA:49,10
DA:50,10
LF:15
LH:14
BRDA:18,0,0,1
BRDA:18,0,1,1
BRDA:37,1,0,3
BRDA:37,1,1,2
BRF:4
BRH:4
end_of_record
TN:
SF:src/CitySearch.js
FN:10,(anonymous_0)
FN:12,(anonymous_1)
FN:21,(anonymous_2)
FN:31,(anonymous_3)
FN:40,(anonymous_4)
FN:43,(anonymous_5)
FN:46,(anonymous_6)
FN:49,(anonymous_7)
FNF:8
FNH:8
FNDA:2,(anonymous_0)
FNDA:10,(anonymous_1)
FNDA:4,(anonymous_2)
FNDA:22,(anonymous_3)
FNDA:1,(anonymous_4)
FNDA:32,(anonymous_5)
FNDA:2,(anonymous_6)
FNDA:1,(anonymous_7)
DA:4,5
DA:10,5
DA:11,2
DA:12,2
DA:13,10
DA:15,2
DA:21,5
DA:22,4
DA:27,4
DA:32,22
DA:40,1
DA:44,32
DA:46,2
DA:49,1
LF:14
LH:14
BRDA:42,0,0,1
BRDA:42,0,1,21
BRF:2
BRH:2
end_of_record
TN:
SF:src/Event.js
FN:21,(anonymous_0)
FN:43,(anonymous_1)
FN:49,(anonymous_2)
FN:73,(anonymous_3)
FNF:4
FNH:4
FNDA:23,(anonymous_0)
FNDA:4,(anonymous_1)
FNDA:59,(anonymous_2)
FNDA:4,(anonymous_3)
DA:13,23
DA:22,23
DA:28,23
DA:32,23
DA:36,23
DA:40,23
DA:43,23
DA:44,4
DA:50,59
DA:51,59
DA:74,4
LF:11
LH:11
BRDA:44,0,0,3
BRDA:44,0,1,1
BRDA:64,1,0,3
BRDA:64,1,1,56
BRF:4
BRH:4
end_of_record
TN:
SF:src/EventList.js
FN:6,(anonymous_0)
FN:11,(anonymous_1)
FNF:2
FNH:2
FNDA:9,(anonymous_0)
FNDA:33,(anonymous_1)
DA:7,9
DA:8,9
DA:9,9
DA:12,33
LF:4
LH:4
BRF:0
BRH:0
end_of_record
TN:
SF:src/NumberOfEvents.js
FN:6,(anonymous_0)
FN:14,(anonymous_1)
FNF:2
FNH:1
FNDA:9,(anonymous_0)
FNDA:0,(anonymous_1)
DA:7,9
DA:14,0
LF:2
LH:1
BRF:0
BRH:0
end_of_record
TN:
SF:src/api.js
FN:5,(anonymous_0)
FN:25,(anonymous_1)
FN:29,(anonymous_2)
FN:30,(anonymous_3)
FN:35,(anonymous_4)
FN:49,(anonymous_5)
FN:54,(anonymous_6)
FN:57,(anonymous_7)
FN:64,(anonymous_8)
FN:65,(anonymous_9)
FN:71,(anonymous_10)
FNF:11
FNH:3
FNDA:0,(anonymous_0)
FNDA:0,(anonymous_1)
FNDA:0,(anonymous_2)
FNDA:0,(anonymous_3)
FNDA:0,(anonymous_4)
FNDA:0,(anonymous_5)
FNDA:0,(anonymous_6)
FNDA:0,(anonymous_7)
FNDA:6,(anonymous_8)
FNDA:48,(anonymous_9)
FNDA:9,(anonymous_10)
DA:5,2
DA:6,0
DA:7,0
DA:9,0
DA:10,0
DA:11,0
DA:12,0
DA:13,0
DA:14,0
DA:17,0
DA:18,0
DA:20,0
DA:22,0
DA:25,2
DA:26,0
DA:29,0
DA:30,0
DA:32,0
DA:35,2
DA:36,0
DA:38,0
DA:42,0
DA:44,0
DA:45,0
DA:49,2
DA:50,0
DA:51,0
DA:55,0
DA:57,0
DA:59,0
DA:61,0
DA:64,2
DA:65,48
DA:66,6
DA:67,6
DA:71,2
DA:72,9
DA:74,9
DA:75,9
DA:76,9
DA:79,0
DA:81,0
DA:82,0
DA:83,0
DA:84,0
DA:85,0
DA:86,0
DA:87,0
DA:88,0
DA:90,0
DA:91,0
LF:51
LH:13
BRDA:7,0,0,0
BRDA:7,0,1,0
BRDA:9,1,0,0
BRDA:9,1,1,0
BRDA:9,2,0,0
BRDA:9,2,1,0
BRDA:13,3,0,0
BRDA:13,3,1,0
BRDA:20,4,0,0
BRDA:20,4,1,0
BRDA:36,5,0,0
BRDA:36,5,1,0
BRDA:36,6,0,0
BRDA:36,6,1,0
BRDA:59,7,0,0
BRDA:59,7,1,0
BRDA:74,8,0,9
BRDA:74,8,1,0
BRDA:81,9,0,0
BRDA:81,9,1,0
BRDA:85,10,0,0
BRDA:85,10,1,0
BRF:22
BRH:1
end_of_record
TN:
SF:src/mock-data.js
FNF:0
FNH:0
DA:1,5
DA:410,5
LF:2
LH:2
BRF:0
BRH:0
end_of_record
